{"/Users/arlevin/WebstormProjects/cfd-tools/src/api/methods.ts": {"path":"/Users/arlevin/WebstormProjects/cfd-tools/src/api/methods.ts","statementMap":{"0":{"start":{"line":40,"column":0},"end":{"line":40,"column":7}},"1":{"start":{"line":61,"column":0},"end":{"line":61,"column":7}},"2":{"start":{"line":67,"column":0},"end":{"line":67,"column":7}},"3":{"start":{"line":73,"column":0},"end":{"line":73,"column":7}},"4":{"start":{"line":79,"column":0},"end":{"line":79,"column":7}},"5":{"start":{"line":85,"column":0},"end":{"line":85,"column":7}},"6":{"start":{"line":91,"column":0},"end":{"line":91,"column":7}},"7":{"start":{"line":97,"column":0},"end":{"line":97,"column":7}},"8":{"start":{"line":107,"column":0},"end":{"line":107,"column":7}},"9":{"start":{"line":116,"column":0},"end":{"line":116,"column":7}},"10":{"start":{"line":122,"column":0},"end":{"line":122,"column":7}},"11":{"start":{"line":142,"column":0},"end":{"line":142,"column":7}},"12":{"start":{"line":1,"column":0},"end":{"line":1,"column":41}},"13":{"start":{"line":10,"column":0},"end":{"line":10,"column":34}},"14":{"start":{"line":13,"column":42},"end":{"line":13,"column":53}},"15":{"start":{"line":15,"column":0},"end":{"line":17,"column":1}},"16":{"start":{"line":16,"column":2},"end":{"line":16,"column":null}},"17":{"start":{"line":19,"column":12},"end":{"line":21,"column":2}},"18":{"start":{"line":24,"column":20},"end":{"line":30,"column":4}},"19":{"start":{"line":32,"column":2},"end":{"line":35,"column":null}},"20":{"start":{"line":33,"column":16},"end":{"line":33,"column":24}},"21":{"start":{"line":34,"column":13},"end":{"line":34,"column":36}},"22":{"start":{"line":37,"column":2},"end":{"line":37,"column":null}},"23":{"start":{"line":41,"column":19},"end":{"line":51,"column":null}},"24":{"start":{"line":55,"column":2},"end":{"line":58,"column":null}},"25":{"start":{"line":62,"column":19},"end":{"line":62,"column":41}},"26":{"start":{"line":64,"column":2},"end":{"line":64,"column":null}},"27":{"start":{"line":68,"column":19},"end":{"line":68,"column":54}},"28":{"start":{"line":70,"column":2},"end":{"line":70,"column":null}},"29":{"start":{"line":74,"column":19},"end":{"line":74,"column":57}},"30":{"start":{"line":76,"column":2},"end":{"line":76,"column":null}},"31":{"start":{"line":80,"column":19},"end":{"line":80,"column":59}},"32":{"start":{"line":82,"column":2},"end":{"line":82,"column":null}},"33":{"start":{"line":86,"column":19},"end":{"line":86,"column":59}},"34":{"start":{"line":88,"column":2},"end":{"line":88,"column":null}},"35":{"start":{"line":92,"column":19},"end":{"line":92,"column":69}},"36":{"start":{"line":94,"column":2},"end":{"line":94,"column":null}},"37":{"start":{"line":102,"column":19},"end":{"line":102,"column":75}},"38":{"start":{"line":104,"column":2},"end":{"line":104,"column":null}},"39":{"start":{"line":111,"column":19},"end":{"line":111,"column":66}},"40":{"start":{"line":113,"column":2},"end":{"line":113,"column":null}},"41":{"start":{"line":117,"column":19},"end":{"line":117,"column":72}},"42":{"start":{"line":119,"column":2},"end":{"line":119,"column":null}},"43":{"start":{"line":123,"column":30},"end":{"line":123,"column":32}},"44":{"start":{"line":124,"column":13},"end":{"line":124,"column":37}},"45":{"start":{"line":126,"column":2},"end":{"line":128,"column":null}},"46":{"start":{"line":127,"column":4},"end":{"line":127,"column":null}},"47":{"start":{"line":130,"column":2},"end":{"line":130,"column":null}},"48":{"start":{"line":134,"column":2},"end":{"line":138,"column":3}},"49":{"start":{"line":135,"column":4},"end":{"line":135,"column":null}},"50":{"start":{"line":136,"column":9},"end":{"line":138,"column":3}},"51":{"start":{"line":137,"column":4},"end":{"line":137,"column":null}},"52":{"start":{"line":139,"column":2},"end":{"line":139,"column":null}},"53":{"start":{"line":143,"column":19},"end":{"line":143,"column":60}},"54":{"start":{"line":145,"column":2},"end":{"line":145,"column":null}}},"fnMap":{"0":{"name":"sessionApi","decl":{"start":{"line":23,"column":9},"end":{"line":23,"column":19}},"loc":{"start":{"line":23,"column":37},"end":{"line":38,"column":1}}},"1":{"name":"(anonymous_2)","decl":{"start":{"line":33,"column":4},"end":{"line":33,"column":12}},"loc":{"start":{"line":33,"column":16},"end":{"line":33,"column":24}}},"2":{"name":"(anonymous_3)","decl":{"start":{"line":34,"column":4},"end":{"line":34,"column":9}},"loc":{"start":{"line":34,"column":13},"end":{"line":34,"column":36}}},"3":{"name":"initSession","decl":{"start":{"line":40,"column":22},"end":{"line":40,"column":33}},"loc":{"start":{"line":40,"column":33},"end":{"line":59,"column":1}}},"4":{"name":"serverTime","decl":{"start":{"line":61,"column":22},"end":{"line":61,"column":32}},"loc":{"start":{"line":61,"column":32},"end":{"line":65,"column":1}}},"5":{"name":"ping","decl":{"start":{"line":67,"column":22},"end":{"line":67,"column":26}},"loc":{"start":{"line":67,"column":44},"end":{"line":71,"column":1}}},"6":{"name":"sessionInfo","decl":{"start":{"line":73,"column":22},"end":{"line":73,"column":33}},"loc":{"start":{"line":73,"column":51},"end":{"line":77,"column":1}}},"7":{"name":"allPositions","decl":{"start":{"line":79,"column":22},"end":{"line":79,"column":34}},"loc":{"start":{"line":79,"column":52},"end":{"line":83,"column":1}}},"8":{"name":"allOrders","decl":{"start":{"line":85,"column":22},"end":{"line":85,"column":31}},"loc":{"start":{"line":85,"column":49},"end":{"line":89,"column":1}}},"9":{"name":"getPosition","decl":{"start":{"line":91,"column":22},"end":{"line":91,"column":33}},"loc":{"start":{"line":91,"column":67},"end":{"line":95,"column":1}}},"10":{"name":"updatePosition","decl":{"start":{"line":97,"column":22},"end":{"line":97,"column":36}},"loc":{"start":{"line":100,"column":26},"end":{"line":105,"column":1}}},"11":{"name":"createPosition","decl":{"start":{"line":107,"column":22},"end":{"line":107,"column":36}},"loc":{"start":{"line":109,"column":26},"end":{"line":114,"column":1}}},"12":{"name":"deletePosition","decl":{"start":{"line":116,"column":22},"end":{"line":116,"column":36}},"loc":{"start":{"line":116,"column":70},"end":{"line":120,"column":1}}},"13":{"name":"deleteAllPositions","decl":{"start":{"line":122,"column":22},"end":{"line":122,"column":40}},"loc":{"start":{"line":122,"column":58},"end":{"line":131,"column":1}}},"14":{"name":"(anonymous_15)","decl":{"start":{"line":126,"column":33},"end":{"line":126,"column":38}},"loc":{"start":{"line":126,"column":46},"end":{"line":128,"column":3}}},"15":{"name":"handleAxiosError","decl":{"start":{"line":133,"column":9},"end":{"line":133,"column":25}},"loc":{"start":{"line":133,"column":43},"end":{"line":140,"column":1}}},"16":{"name":"logOut","decl":{"start":{"line":142,"column":22},"end":{"line":142,"column":28}},"loc":{"start":{"line":142,"column":46},"end":{"line":146,"column":1}}}},"branchMap":{"0":{"loc":{"start":{"line":15,"column":0},"end":{"line":17,"column":1}},"type":"if","locations":[{"start":{"line":15,"column":0},"end":{"line":17,"column":1}}]},"1":{"loc":{"start":{"line":134,"column":2},"end":{"line":138,"column":3}},"type":"if","locations":[{"start":{"line":134,"column":2},"end":{"line":138,"column":3}},{"start":{"line":136,"column":9},"end":{"line":138,"column":3}}]},"2":{"loc":{"start":{"line":136,"column":9},"end":{"line":138,"column":3}},"type":"if","locations":[{"start":{"line":136,"column":9},"end":{"line":138,"column":3}}]}},"s":{"0":1,"1":1,"2":1,"3":1,"4":1,"5":1,"6":1,"7":1,"8":1,"9":1,"10":1,"11":1,"12":1,"13":1,"14":1,"15":1,"16":0,"17":1,"18":22,"19":22,"20":22,"21":0,"22":22,"23":1,"24":1,"25":1,"26":1,"27":1,"28":1,"29":0,"30":0,"31":12,"32":12,"33":0,"34":0,"35":1,"36":1,"37":1,"38":1,"39":3,"40":3,"41":3,"42":3,"43":7,"44":7,"45":7,"46":2,"47":7,"48":0,"49":0,"50":0,"51":0,"52":0,"53":1,"54":1},"f":{"0":22,"1":22,"2":0,"3":1,"4":1,"5":1,"6":0,"7":12,"8":0,"9":1,"10":1,"11":3,"12":3,"13":7,"14":2,"15":0,"16":1},"b":{"0":[0],"1":[0,0],"2":[0]}}
}
