TN:
SF:src/api/methods.ts
FN:23,sessionApi
FN:33,(anonymous_2)
FN:34,(anonymous_3)
FN:40,initSession
FN:61,serverTime
FN:67,ping
FN:73,sessionInfo
FN:79,allPositions
FN:85,allOrders
FN:91,getPosition
FN:97,updatePosition
FN:107,createPosition
FN:116,deletePosition
FN:122,deleteAllPositions
FN:126,(anonymous_15)
FN:133,handleAxiosError
FN:142,logOut
FNF:17
FNH:13
FNDA:22,sessionApi
FNDA:22,(anonymous_2)
FNDA:0,(anonymous_3)
FNDA:1,initSession
FNDA:1,serverTime
FNDA:1,ping
FNDA:0,sessionInfo
FNDA:12,allPositions
FNDA:0,allOrders
FNDA:1,getPosition
FNDA:1,updatePosition
FNDA:3,createPosition
FNDA:3,deletePosition
FNDA:7,deleteAllPositions
FNDA:2,(anonymous_15)
FNDA:0,handleAxiosError
FNDA:1,logOut
DA:1,1
DA:10,1
DA:13,1
DA:15,1
DA:16,0
DA:19,1
DA:24,22
DA:32,22
DA:33,22
DA:34,0
DA:37,22
DA:40,1
DA:41,1
DA:55,1
DA:61,1
DA:62,1
DA:64,1
DA:67,1
DA:68,1
DA:70,1
DA:73,1
DA:74,0
DA:76,0
DA:79,1
DA:80,12
DA:82,12
DA:85,1
DA:86,0
DA:88,0
DA:91,1
DA:92,1
DA:94,1
DA:97,1
DA:102,1
DA:104,1
DA:107,1
DA:111,3
DA:113,3
DA:116,1
DA:117,3
DA:119,3
DA:122,1
DA:123,7
DA:124,7
DA:126,7
DA:127,2
DA:130,7
DA:134,0
DA:135,0
DA:136,0
DA:137,0
DA:139,0
DA:142,1
DA:143,1
DA:145,1
LF:55
LH:44
BRDA:15,0,0,0
BRDA:134,1,0,0
BRDA:134,1,1,0
BRDA:136,2,0,0
BRF:4
BRH:0
end_of_record
